# JRE version: OpenJDK Runtime Environment (8.0_112-b06) (build 1.8.0_112-release-b06)
# Java VM: OpenJDK 64-Bit Server VM (25.112-b06 mixed mode windows-amd64 compressed oops)
Heap:
 PSYoungGen      total 175104K, used 5248K [0x00000000e0000000, 0x00000000ec200000, 0x0000000100000000)
  eden space 157696K, 3% used [0x00000000e0000000,0x00000000e05202d8,0x00000000e9a00000)
  from space 17408K, 0% used [0x00000000eaf80000,0x00000000eaf80000,0x00000000ec080000)
  to   space 20480K, 0% used [0x00000000e9a00000,0x00000000e9a00000,0x00000000eae00000)
 ParOldGen       total 147456K, used 36290K [0x00000000a0000000, 0x00000000a9000000, 0x00000000e0000000)
  object space 147456K, 24% used [0x00000000a0000000,0x00000000a2370a08,0x00000000a9000000)
 Metaspace       used 57395K, capacity 59170K, committed 59392K, reserved 1099776K
  class space    used 7728K, capacity 8090K, committed 8192K, reserved 1048576K
GC Heap History (10 events):
Event: 36.385 GC heap before
{Heap before GC invocations=9 (full 2):
 PSYoungGen      total 105984K, used 10731K [0x00000000e0000000, 0x00000000e9a80000, 0x0000000100000000)
  eden space 95232K, 0% used [0x00000000e0000000,0x00000000e0000000,0x00000000e5d00000)
  from space 10752K, 99% used [0x00000000e5d00000,0x00000000e677aea8,0x00000000e6780000)
  to   space 12288K, 0% used [0x00000000e8e80000,0x00000000e8e80000,0x00000000e9a80000)
 ParOldGen       total 62976K, used 12698K [0x00000000a0000000, 0x00000000a3d80000, 0x00000000e0000000)
  object space 62976K, 20% used [0x00000000a0000000,0x00000000a0c66908,0x00000000a3d80000)
 Metaspace       used 34771K, capacity 35350K, committed 35496K, reserved 1079296K
  class space    used 4638K, capacity 4816K, committed 4864K, reserved 1048576K
Event: 36.579 GC heap after
Heap after GC invocations=9 (full 2):
 PSYoungGen      total 105984K, used 0K [0x00000000e0000000, 0x00000000e9a80000, 0x0000000100000000)
  eden space 95232K, 0% used [0x00000000e0000000,0x00000000e0000000,0x00000000e5d00000)
  from space 10752K, 0% used [0x00000000e5d00000,0x00000000e5d00000,0x00000000e6780000)
  to   space 12288K, 0% used [0x00000000e8e80000,0x00000000e8e80000,0x00000000e9a80000)
 ParOldGen       total 97280K, used 17622K [0x00000000a0000000, 0x00000000a5f00000, 0x00000000e0000000)
  object space 97280K, 18% used [0x00000000a0000000,0x00000000a11359d8,0x00000000a5f00000)
 Metaspace       used 34771K, capacity 35350K, committed 35496K, reserved 1079296K
  class space    used 4638K, capacity 4816K, committed 4864K, reserved 1048576K
}
Event: 55.748 GC heap before
{Heap before GC invocations=10 (full 2):
 PSYoungGen      total 105984K, used 95232K [0x00000000e0000000, 0x00000000e9a80000, 0x0000000100000000)
  eden space 95232K, 100% used [0x00000000e0000000,0x00000000e5d00000,0x00000000e5d00000)
  from space 10752K, 0% used [0x00000000e5d00000,0x00000000e5d00000,0x00000000e6780000)
  to   space 12288K, 0% used [0x00000000e8e80000,0x00000000e8e80000,0x00000000e9a80000)
 ParOldGen       total 97280K, used 17622K [0x00000000a0000000, 0x00000000a5f00000, 0x00000000e0000000)
  object space 97280K, 18% used [0x00000000a0000000,0x00000000a11359d8,0x00000000a5f00000)
 Metaspace       used 42379K, capacity 43190K, committed 43392K, reserved 1087488K
  class space    used 5659K, capacity 5891K, committed 6016K, reserved 1048576K
Event: 55.762 GC heap after
Heap after GC invocations=10 (full 2):
 PSYoungGen      total 145408K, used 9874K [0x00000000e0000000, 0x00000000e9d00000, 0x0000000100000000)
  eden space 133120K, 0% used [0x00000000e0000000,0x00000000e0000000,0x00000000e8200000)
  from space 12288K, 80% used [0x00000000e8e80000,0x00000000e98248a0,0x00000000e9a80000)
  to   space 12800K, 0% used [0x00000000e8200000,0x00000000e8200000,0x00000000e8e80000)
 ParOldGen       total 97280K, used 17630K [0x00000000a0000000, 0x00000000a5f00000, 0x00000000e0000000)
  object space 97280K, 18% used [0x00000000a0000000,0x00000000a11379d8,0x00000000a5f00000)
 Metaspace       used 42379K, capacity 43190K, committed 43392K, reserved 1087488K
  class space    used 5659K, capacity 5891K, committed 6016K, reserved 1048576K
}
Event: 81.231 GC heap before
{Heap before GC invocations=11 (full 2):
 PSYoungGen      total 145408K, used 142994K [0x00000000e0000000, 0x00000000e9d00000, 0x0000000100000000)
  eden space 133120K, 100% used [0x00000000e0000000,0x00000000e8200000,0x00000000e8200000)
  from space 12288K, 80% used [0x00000000e8e80000,0x00000000e98248a0,0x00000000e9a80000)
  to   space 12800K, 0% used [0x00000000e8200000,0x00000000e8200000,0x00000000e8e80000)
 ParOldGen       total 97280K, used 17630K [0x00000000a0000000, 0x00000000a5f00000, 0x00000000e0000000)
  object space 97280K, 18% used [0x00000000a0000000,0x00000000a11379d8,0x00000000a5f00000)
 Metaspace       used 50330K, capacity 51928K, committed 51968K, reserved 1093632K
  class space    used 6824K, capacity 7136K, committed 7168K, reserved 1048576K
Event: 81.261 GC heap after
Heap after GC invocations=11 (full 2):
 PSYoungGen      total 145920K, used 12787K [0x00000000e0000000, 0x00000000ec080000, 0x0000000100000000)
  eden space 133120K, 0% used [0x00000000e0000000,0x00000000e0000000,0x00000000e8200000)
  from space 12800K, 99% used [0x00000000e8200000,0x00000000e8e7cca8,0x00000000e8e80000)
  to   space 17408K, 0% used [0x00000000eaf80000,0x00000000eaf80000,0x00000000ec080000)
 ParOldGen       total 97280K, used 25012K [0x00000000a0000000, 0x00000000a5f00000, 0x00000000e0000000)
  object space 97280K, 25% used [0x00000000a0000000,0x00000000a186d078,0x00000000a5f00000)
 Metaspace       used 50330K, capacity 51928K, committed 51968K, reserved 1093632K
  class space    used 6824K, capacity 7136K, committed 7168K, reserved 1048576K
}
Event: 130.468 GC heap before
{Heap before GC invocations=12 (full 2):
 PSYoungGen      total 145920K, used 137705K [0x00000000e0000000, 0x00000000ec080000, 0x0000000100000000)
  eden space 133120K, 93% used [0x00000000e0000000,0x00000000e79fd7f0,0x00000000e8200000)
  from space 12800K, 99% used [0x00000000e8200000,0x00000000e8e7cca8,0x00000000e8e80000)
  to   space 17408K, 0% used [0x00000000eaf80000,0x00000000eaf80000,0x00000000ec080000)
 ParOldGen       total 97280K, used 25012K [0x00000000a0000000, 0x00000000a5f00000, 0x00000000e0000000)
  object space 97280K, 25% used [0x00000000a0000000,0x00000000a186d078,0x00000000a5f00000)
 Metaspace       used 57286K, capacity 59000K, committed 59136K, reserved 1099776K
  class space    used 7712K, capacity 8081K, committed 8192K, reserved 1048576K
Event: 130.503 GC heap after
Heap after GC invocations=12 (full 2):
 PSYoungGen      total 175104K, used 17404K [0x00000000e0000000, 0x00000000ec200000, 0x0000000100000000)
  eden space 157696K, 0% used [0x00000000e0000000,0x00000000e0000000,0x00000000e9a00000)
  from space 17408K, 99% used [0x00000000eaf80000,0x00000000ec07f120,0x00000000ec080000)
  to   space 20480K, 0% used [0x00000000e9a00000,0x00000000e9a00000,0x00000000eae00000)
 ParOldGen       total 97280K, used 28343K [0x00000000a0000000, 0x00000000a5f00000, 0x00000000e0000000)
  object space 97280K, 29% used [0x00000000a0000000,0x00000000a1badd10,0x00000000a5f00000)
 Metaspace       used 57286K, capacity 59000K, committed 59136K, reserved 1099776K
  class space    used 7712K, capacity 8081K, committed 8192K, reserved 1048576K
}
Event: 130.503 GC heap before
{Heap before GC invocations=13 (full 3):
 PSYoungGen      total 175104K, used 17404K [0x00000000e0000000, 0x00000000ec200000, 0x0000000100000000)
  eden space 157696K, 0% used [0x00000000e0000000,0x00000000e0000000,0x00000000e9a00000)
  from space 17408K, 99% used [0x00000000eaf80000,0x00000000ec07f120,0x00000000ec080000)
  to   space 20480K, 0% used [0x00000000e9a00000,0x00000000e9a00000,0x00000000eae00000)
 ParOldGen       total 97280K, used 28343K [0x00000000a0000000, 0x00000000a5f00000, 0x00000000e0000000)
  object space 97280K, 29% used [0x00000000a0000000,0x00000000a1badd10,0x00000000a5f00000)
 Metaspace       used 57286K, capacity 59000K, committed 59136K, reserved 1099776K
  class space    used 7712K, capacity 8081K, committed 8192K, reserved 1048576K
Event: 131.088 GC heap after
Heap after GC invocations=13 (full 3):
 PSYoungGen      total 175104K, used 0K [0x00000000e0000000, 0x00000000ec200000, 0x0000000100000000)
  eden space 157696K, 0% used [0x00000000e0000000,0x00000000e0000000,0x00000000e9a00000)
  from space 17408K, 0% used [0x00000000eaf80000,0x00000000eaf80000,0x00000000ec080000)
  to   space 20480K, 0% used [0x00000000e9a00000,0x00000000e9a00000,0x00000000eae00000)
 ParOldGen       total 147456K, used 36290K [0x00000000a0000000, 0x00000000a9000000, 0x00000000e0000000)
  object space 147456K, 24% used [0x00000000a0000000,0x00000000a2370a08,0x00000000a9000000)
 Metaspace       used 57286K, capacity 59000K, committed 59136K, reserved 1099776K
  class space    used 7712K, capacity 8081K, committed 8192K, reserved 1048576K
}

